Determining if the pthread_create exist failed with the following output:
Change Dir: /OCRData/minesh.mathew/cnn_rnn/thpp-1.0/thpp/build/CMakeFiles/CMakeTmp

Run Build Command:"/usr/bin/make" "cmTC_1e6de/fast"
make: Warning: File `Makefile' has modification time 3e+02 s in the future
/usr/bin/make -f CMakeFiles/cmTC_1e6de.dir/build.make CMakeFiles/cmTC_1e6de.dir/build
make[1]: Entering directory `/OCRData/minesh.mathew/cnn_rnn/thpp-1.0/thpp/build/CMakeFiles/CMakeTmp'
make[1]: Warning: File `CMakeFiles/cmTC_1e6de.dir/flags.make' has modification time 3e+02 s in the future
Building C object CMakeFiles/cmTC_1e6de.dir/CheckSymbolExists.c.o
/usr/bin/cc     -o CMakeFiles/cmTC_1e6de.dir/CheckSymbolExists.c.o   -c /OCRData/minesh.mathew/cnn_rnn/thpp-1.0/thpp/build/CMakeFiles/CMakeTmp/CheckSymbolExists.c
Linking C executable cmTC_1e6de
/users/minesh.mathew/local/bin/cmake -E cmake_link_script CMakeFiles/cmTC_1e6de.dir/link.txt --verbose=1
/usr/bin/cc       CMakeFiles/cmTC_1e6de.dir/CheckSymbolExists.c.o  -o cmTC_1e6de -rdynamic 
CMakeFiles/cmTC_1e6de.dir/CheckSymbolExists.c.o: In function `main':
CheckSymbolExists.c:(.text+0x16): undefined reference to `pthread_create'
collect2: error: ld returned 1 exit status
make[1]: *** [cmTC_1e6de] Error 1
make[1]: Leaving directory `/OCRData/minesh.mathew/cnn_rnn/thpp-1.0/thpp/build/CMakeFiles/CMakeTmp'
make: *** [cmTC_1e6de/fast] Error 2

File /OCRData/minesh.mathew/cnn_rnn/thpp-1.0/thpp/build/CMakeFiles/CMakeTmp/CheckSymbolExists.c:
/* */
#include <pthread.h>

int main(int argc, char** argv)
{
  (void)argv;
#ifndef pthread_create
  return ((int*)(&pthread_create))[argc];
#else
  (void)argc;
  return 0;
#endif
}

Determining if the function pthread_create exists in the pthreads failed with the following output:
Change Dir: /OCRData/minesh.mathew/cnn_rnn/thpp-1.0/thpp/build/CMakeFiles/CMakeTmp

Run Build Command:"/usr/bin/make" "cmTC_4d84a/fast"
make: Warning: File `Makefile' has modification time 3e+02 s in the future
/usr/bin/make -f CMakeFiles/cmTC_4d84a.dir/build.make CMakeFiles/cmTC_4d84a.dir/build
make[1]: Entering directory `/OCRData/minesh.mathew/cnn_rnn/thpp-1.0/thpp/build/CMakeFiles/CMakeTmp'
make[1]: Warning: File `CMakeFiles/cmTC_4d84a.dir/flags.make' has modification time 3e+02 s in the future
Building C object CMakeFiles/cmTC_4d84a.dir/CheckFunctionExists.c.o
/usr/bin/cc    -DCHECK_FUNCTION_EXISTS=pthread_create   -o CMakeFiles/cmTC_4d84a.dir/CheckFunctionExists.c.o   -c /users/minesh.mathew/local/share/cmake-3.6/Modules/CheckFunctionExists.c
Linking C executable cmTC_4d84a
/users/minesh.mathew/local/bin/cmake -E cmake_link_script CMakeFiles/cmTC_4d84a.dir/link.txt --verbose=1
/usr/bin/cc   -DCHECK_FUNCTION_EXISTS=pthread_create    CMakeFiles/cmTC_4d84a.dir/CheckFunctionExists.c.o  -o cmTC_4d84a -rdynamic -lpthreads 
/usr/bin/ld: cannot find -lpthreads
collect2: error: ld returned 1 exit status
make[1]: *** [cmTC_4d84a] Error 1
make[1]: Leaving directory `/OCRData/minesh.mathew/cnn_rnn/thpp-1.0/thpp/build/CMakeFiles/CMakeTmp'
make: *** [cmTC_4d84a/fast] Error 2


